<?xml version="1.0" encoding="UTF-8"?>
<testsuite xmlns:xsi="http://www.w3.org/2001/XMLSchema-instance" xsi:noNamespaceSchemaLocation="https://maven.apache.org/surefire/maven-surefire-plugin/xsd/surefire-test-report.xsd" name="BigIdea.AppTest" time="0.078" tests="1" errors="0" skipped="0" failures="0">
  <properties>
    <property name="sun.desktop" value="windows"/>
    <property name="awt.toolkit" value="sun.awt.windows.WToolkit"/>
    <property name="java.specification.version" value="11"/>
    <property name="sun.cpu.isalist" value="amd64"/>
    <property name="sun.jnu.encoding" value="Cp1252"/>
    <property name="java.class.path" value="C:\Users\Hugo\IdeaProjects\chatio\ChatIOServer\target\test-classes;C:\Users\Hugo\IdeaProjects\chatio\ChatIOServer\target\classes;C:\Users\Hugo\.m2\repository\junit\junit\4.11\junit-4.11.jar;C:\Users\Hugo\.m2\repository\org\hamcrest\hamcrest-core\1.3\hamcrest-core-1.3.jar;C:\Users\Hugo\IdeaProjects\chatio\ChatIOShared\target\classes;C:\Users\Hugo\.m2\repository\com\google\code\gson\gson\2.8.5\gson-2.8.5.jar;C:\Users\Hugo\.m2\repository\org\slf4j\slf4j-api\1.7.25\slf4j-api-1.7.25.jar;C:\Users\Hugo\.m2\repository\org\slf4j\slf4j-jdk14\1.7.25\slf4j-jdk14-1.7.25.jar;C:\Users\Hugo\.m2\repository\org\openjfx\javafx-controls\11.0.2\javafx-controls-11.0.2.jar;C:\Users\Hugo\.m2\repository\org\openjfx\javafx-controls\11.0.2\javafx-controls-11.0.2-win.jar;C:\Users\Hugo\.m2\repository\org\openjfx\javafx-graphics\11.0.2\javafx-graphics-11.0.2.jar;C:\Users\Hugo\.m2\repository\org\openjfx\javafx-graphics\11.0.2\javafx-graphics-11.0.2-win.jar;C:\Users\Hugo\.m2\repository\org\openjfx\javafx-base\11.0.2\javafx-base-11.0.2.jar;C:\Users\Hugo\.m2\repository\org\openjfx\javafx-base\11.0.2\javafx-base-11.0.2-win.jar;C:\Users\Hugo\.m2\repository\org\openjfx\javafx-fxml\11.0.2\javafx-fxml-11.0.2.jar;C:\Users\Hugo\.m2\repository\org\openjfx\javafx-fxml\11.0.2\javafx-fxml-11.0.2-win.jar;C:\Users\Hugo\.m2\repository\javax\servlet\javax.servlet-api\3.1.0\javax.servlet-api-3.1.0.jar;C:\Users\Hugo\.m2\repository\javax\websocket\javax.websocket-api\1.1\javax.websocket-api-1.1.jar;C:\Users\Hugo\.m2\repository\org\eclipse\jetty\websocket\javax-websocket-server-impl\9.4.15.v20190215\javax-websocket-server-impl-9.4.15.v20190215.jar;C:\Users\Hugo\.m2\repository\org\eclipse\jetty\jetty-annotations\9.4.15.v20190215\jetty-annotations-9.4.15.v20190215.jar;C:\Users\Hugo\.m2\repository\org\eclipse\jetty\jetty-plus\9.4.15.v20190215\jetty-plus-9.4.15.v20190215.jar;C:\Users\Hugo\.m2\repository\org\eclipse\jetty\jetty-jndi\9.4.15.v20190215\jetty-jndi-9.4.15.v20190215.jar;C:\Users\Hugo\.m2\repository\org\eclipse\jetty\jetty-webapp\9.4.15.v20190215\jetty-webapp-9.4.15.v20190215.jar;C:\Users\Hugo\.m2\repository\org\eclipse\jetty\jetty-xml\9.4.15.v20190215\jetty-xml-9.4.15.v20190215.jar;C:\Users\Hugo\.m2\repository\javax\annotation\javax.annotation-api\1.3\javax.annotation-api-1.3.jar;C:\Users\Hugo\.m2\repository\org\ow2\asm\asm\7.0\asm-7.0.jar;C:\Users\Hugo\.m2\repository\org\ow2\asm\asm-commons\7.0\asm-commons-7.0.jar;C:\Users\Hugo\.m2\repository\org\ow2\asm\asm-tree\7.0\asm-tree-7.0.jar;C:\Users\Hugo\.m2\repository\org\ow2\asm\asm-analysis\7.0\asm-analysis-7.0.jar;C:\Users\Hugo\.m2\repository\org\eclipse\jetty\websocket\javax-websocket-client-impl\9.4.15.v20190215\javax-websocket-client-impl-9.4.15.v20190215.jar;C:\Users\Hugo\.m2\repository\org\eclipse\jetty\websocket\websocket-client\9.4.15.v20190215\websocket-client-9.4.15.v20190215.jar;C:\Users\Hugo\.m2\repository\org\eclipse\jetty\jetty-client\9.4.15.v20190215\jetty-client-9.4.15.v20190215.jar;C:\Users\Hugo\.m2\repository\org\eclipse\jetty\jetty-util\9.4.15.v20190215\jetty-util-9.4.15.v20190215.jar;C:\Users\Hugo\.m2\repository\org\eclipse\jetty\jetty-io\9.4.15.v20190215\jetty-io-9.4.15.v20190215.jar;C:\Users\Hugo\.m2\repository\org\eclipse\jetty\websocket\websocket-server\9.4.15.v20190215\websocket-server-9.4.15.v20190215.jar;C:\Users\Hugo\.m2\repository\org\eclipse\jetty\websocket\websocket-common\9.4.15.v20190215\websocket-common-9.4.15.v20190215.jar;C:\Users\Hugo\.m2\repository\org\eclipse\jetty\websocket\websocket-api\9.4.15.v20190215\websocket-api-9.4.15.v20190215.jar;C:\Users\Hugo\.m2\repository\org\eclipse\jetty\websocket\websocket-servlet\9.4.15.v20190215\websocket-servlet-9.4.15.v20190215.jar;C:\Users\Hugo\.m2\repository\org\eclipse\jetty\jetty-servlet\9.4.15.v20190215\jetty-servlet-9.4.15.v20190215.jar;C:\Users\Hugo\.m2\repository\org\eclipse\jetty\jetty-security\9.4.15.v20190215\jetty-security-9.4.15.v20190215.jar;C:\Users\Hugo\.m2\repository\org\eclipse\jetty\jetty-server\9.4.15.v20190215\jetty-server-9.4.15.v20190215.jar;C:\Users\Hugo\.m2\repository\org\eclipse\jetty\jetty-http\9.4.15.v20190215\jetty-http-9.4.15.v20190215.jar;"/>
    <property name="java.vm.vendor" value="Oracle Corporation"/>
    <property name="sun.arch.data.model" value="64"/>
    <property name="user.variant" value=""/>
    <property name="java.vendor.url" value="http://java.oracle.com/"/>
    <property name="user.timezone" value="Europe/Berlin"/>
    <property name="user.country.format" value="NL"/>
    <property name="java.vm.specification.version" value="11"/>
    <property name="os.name" value="Windows 10"/>
    <property name="sun.java.launcher" value="SUN_STANDARD"/>
    <property name="user.country" value="US"/>
    <property name="sun.boot.library.path" value="C:\Program Files\Java\jdk-11.0.2\bin"/>
    <property name="sun.java.command" value="C:\Users\Hugo\AppData\Local\Temp\surefire2127719198066361192\surefirebooter15666513823855296832.jar C:\Users\Hugo\AppData\Local\Temp\surefire2127719198066361192 2019-06-12T11-44-26_978-jvmRun1 surefire9106414569719738491tmp surefire_26925617148553214722tmp"/>
    <property name="jdk.debug" value="release"/>
    <property name="surefire.test.class.path" value="C:\Users\Hugo\IdeaProjects\chatio\ChatIOServer\target\test-classes;C:\Users\Hugo\IdeaProjects\chatio\ChatIOServer\target\classes;C:\Users\Hugo\.m2\repository\junit\junit\4.11\junit-4.11.jar;C:\Users\Hugo\.m2\repository\org\hamcrest\hamcrest-core\1.3\hamcrest-core-1.3.jar;C:\Users\Hugo\IdeaProjects\chatio\ChatIOShared\target\classes;C:\Users\Hugo\.m2\repository\com\google\code\gson\gson\2.8.5\gson-2.8.5.jar;C:\Users\Hugo\.m2\repository\org\slf4j\slf4j-api\1.7.25\slf4j-api-1.7.25.jar;C:\Users\Hugo\.m2\repository\org\slf4j\slf4j-jdk14\1.7.25\slf4j-jdk14-1.7.25.jar;C:\Users\Hugo\.m2\repository\org\openjfx\javafx-controls\11.0.2\javafx-controls-11.0.2.jar;C:\Users\Hugo\.m2\repository\org\openjfx\javafx-controls\11.0.2\javafx-controls-11.0.2-win.jar;C:\Users\Hugo\.m2\repository\org\openjfx\javafx-graphics\11.0.2\javafx-graphics-11.0.2.jar;C:\Users\Hugo\.m2\repository\org\openjfx\javafx-graphics\11.0.2\javafx-graphics-11.0.2-win.jar;C:\Users\Hugo\.m2\repository\org\openjfx\javafx-base\11.0.2\javafx-base-11.0.2.jar;C:\Users\Hugo\.m2\repository\org\openjfx\javafx-base\11.0.2\javafx-base-11.0.2-win.jar;C:\Users\Hugo\.m2\repository\org\openjfx\javafx-fxml\11.0.2\javafx-fxml-11.0.2.jar;C:\Users\Hugo\.m2\repository\org\openjfx\javafx-fxml\11.0.2\javafx-fxml-11.0.2-win.jar;C:\Users\Hugo\.m2\repository\javax\servlet\javax.servlet-api\3.1.0\javax.servlet-api-3.1.0.jar;C:\Users\Hugo\.m2\repository\javax\websocket\javax.websocket-api\1.1\javax.websocket-api-1.1.jar;C:\Users\Hugo\.m2\repository\org\eclipse\jetty\websocket\javax-websocket-server-impl\9.4.15.v20190215\javax-websocket-server-impl-9.4.15.v20190215.jar;C:\Users\Hugo\.m2\repository\org\eclipse\jetty\jetty-annotations\9.4.15.v20190215\jetty-annotations-9.4.15.v20190215.jar;C:\Users\Hugo\.m2\repository\org\eclipse\jetty\jetty-plus\9.4.15.v20190215\jetty-plus-9.4.15.v20190215.jar;C:\Users\Hugo\.m2\repository\org\eclipse\jetty\jetty-jndi\9.4.15.v20190215\jetty-jndi-9.4.15.v20190215.jar;C:\Users\Hugo\.m2\repository\org\eclipse\jetty\jetty-webapp\9.4.15.v20190215\jetty-webapp-9.4.15.v20190215.jar;C:\Users\Hugo\.m2\repository\org\eclipse\jetty\jetty-xml\9.4.15.v20190215\jetty-xml-9.4.15.v20190215.jar;C:\Users\Hugo\.m2\repository\javax\annotation\javax.annotation-api\1.3\javax.annotation-api-1.3.jar;C:\Users\Hugo\.m2\repository\org\ow2\asm\asm\7.0\asm-7.0.jar;C:\Users\Hugo\.m2\repository\org\ow2\asm\asm-commons\7.0\asm-commons-7.0.jar;C:\Users\Hugo\.m2\repository\org\ow2\asm\asm-tree\7.0\asm-tree-7.0.jar;C:\Users\Hugo\.m2\repository\org\ow2\asm\asm-analysis\7.0\asm-analysis-7.0.jar;C:\Users\Hugo\.m2\repository\org\eclipse\jetty\websocket\javax-websocket-client-impl\9.4.15.v20190215\javax-websocket-client-impl-9.4.15.v20190215.jar;C:\Users\Hugo\.m2\repository\org\eclipse\jetty\websocket\websocket-client\9.4.15.v20190215\websocket-client-9.4.15.v20190215.jar;C:\Users\Hugo\.m2\repository\org\eclipse\jetty\jetty-client\9.4.15.v20190215\jetty-client-9.4.15.v20190215.jar;C:\Users\Hugo\.m2\repository\org\eclipse\jetty\jetty-util\9.4.15.v20190215\jetty-util-9.4.15.v20190215.jar;C:\Users\Hugo\.m2\repository\org\eclipse\jetty\jetty-io\9.4.15.v20190215\jetty-io-9.4.15.v20190215.jar;C:\Users\Hugo\.m2\repository\org\eclipse\jetty\websocket\websocket-server\9.4.15.v20190215\websocket-server-9.4.15.v20190215.jar;C:\Users\Hugo\.m2\repository\org\eclipse\jetty\websocket\websocket-common\9.4.15.v20190215\websocket-common-9.4.15.v20190215.jar;C:\Users\Hugo\.m2\repository\org\eclipse\jetty\websocket\websocket-api\9.4.15.v20190215\websocket-api-9.4.15.v20190215.jar;C:\Users\Hugo\.m2\repository\org\eclipse\jetty\websocket\websocket-servlet\9.4.15.v20190215\websocket-servlet-9.4.15.v20190215.jar;C:\Users\Hugo\.m2\repository\org\eclipse\jetty\jetty-servlet\9.4.15.v20190215\jetty-servlet-9.4.15.v20190215.jar;C:\Users\Hugo\.m2\repository\org\eclipse\jetty\jetty-security\9.4.15.v20190215\jetty-security-9.4.15.v20190215.jar;C:\Users\Hugo\.m2\repository\org\eclipse\jetty\jetty-server\9.4.15.v20190215\jetty-server-9.4.15.v20190215.jar;C:\Users\Hugo\.m2\repository\org\eclipse\jetty\jetty-http\9.4.15.v20190215\jetty-http-9.4.15.v20190215.jar;"/>
    <property name="sun.cpu.endian" value="little"/>
    <property name="user.home" value="C:\Users\Hugo"/>
    <property name="user.language" value="en"/>
    <property name="java.specification.vendor" value="Oracle Corporation"/>
    <property name="java.version.date" value="2019-01-15"/>
    <property name="java.home" value="C:\Program Files\Java\jdk-11.0.2"/>
    <property name="file.separator" value="\"/>
    <property name="basedir" value="C:\Users\Hugo\IdeaProjects\chatio\ChatIOServer"/>
    <property name="java.vm.compressedOopsMode" value="Zero based"/>
    <property name="line.separator" value="&#10;"/>
    <property name="java.specification.name" value="Java Platform API Specification"/>
    <property name="java.vm.specification.vendor" value="Oracle Corporation"/>
    <property name="java.awt.graphicsenv" value="sun.awt.Win32GraphicsEnvironment"/>
    <property name="surefire.real.class.path" value="C:\Users\Hugo\AppData\Local\Temp\surefire2127719198066361192\surefirebooter15666513823855296832.jar"/>
    <property name="user.script" value=""/>
    <property name="sun.management.compiler" value="HotSpot 64-Bit Tiered Compilers"/>
    <property name="java.runtime.version" value="11.0.2+9-LTS"/>
    <property name="user.name" value="Hugo"/>
    <property name="path.separator" value=";"/>
    <property name="os.version" value="10.0"/>
    <property name="java.runtime.name" value="Java(TM) SE Runtime Environment"/>
    <property name="file.encoding" value="Cp1252"/>
    <property name="java.vm.name" value="Java HotSpot(TM) 64-Bit Server VM"/>
    <property name="java.vendor.version" value="18.9"/>
    <property name="localRepository" value="C:\Users\Hugo\.m2\repository"/>
    <property name="java.vendor.url.bug" value="http://bugreport.java.com/bugreport/"/>
    <property name="java.io.tmpdir" value="C:\Users\Hugo\AppData\Local\Temp\"/>
    <property name="java.version" value="11.0.2"/>
    <property name="user.dir" value="C:\Users\Hugo\IdeaProjects\chatio\ChatIOServer"/>
    <property name="os.arch" value="amd64"/>
    <property name="java.vm.specification.name" value="Java Virtual Machine Specification"/>
    <property name="java.awt.printerjob" value="sun.awt.windows.WPrinterJob"/>
    <property name="user.language.format" value="nl"/>
    <property name="sun.os.patch.level" value=""/>
    <property name="java.library.path" value="C:\Program Files\Java\jdk-11.0.2\bin;C:\WINDOWS\Sun\Java\bin;C:\WINDOWS\system32;C:\WINDOWS;C:\Program Files\Java\jdk-11.0.2\bin;C:\WINDOWS\system32;C:\WINDOWS;C:\WINDOWS\System32\Wbem;C:\WINDOWS\System32\WindowsPowerShell\v1.0\;C:\Program Files\dotnet\;C:\Program Files\Microsoft SQL Server\130\Tools\Binn\;C:\Program Files (x86)\Microsoft SQL Server\Client SDK\ODBC\130\Tools\Binn\;C:\Program Files (x86)\Microsoft SQL Server\140\Tools\Binn\;C:\Program Files (x86)\Microsoft SQL Server\140\DTS\Binn\;C:\Program Files (x86)\Microsoft SQL Server\140\Tools\Binn\ManagementStudio\;C:\Program Files\Microsoft\Web Platform Installer\;C:\Program Files\Git\bin;C:\Program Files\Git\cmd;C:\xampp\php;C:\ProgramData\ComposerSetup\bin;C:\WINDOWS\System32\OpenSSH\;C:\Program Files (x86)\IVI Foundation\VISA\WinNT\Bin;C:\Program Files\nodejs\;C:\Program Files\Apache Maven 3.6\bin;C:\Users\Hugo\AppData\Local\Microsoft\WindowsApps;C:\Users\Hugo\AppData\Roaming\Composer\vendor\bin;C:\Program Files\Microsoft VS Code\bin;C:\Users\Hugo\AppData\Roaming\npm;C:\Users\Hugo\AppData\Local\Programs\Fiddler;."/>
    <property name="java.vendor" value="Oracle Corporation"/>
    <property name="java.vm.info" value="mixed mode"/>
    <property name="java.vm.version" value="11.0.2+9-LTS"/>
    <property name="sun.io.unicode.encoding" value="UnicodeLittle"/>
    <property name="java.class.version" value="55.0"/>
  </properties>
  <testcase name="shouldAnswerWithTrue" classname="BigIdea.AppTest" time="0.015"/>
</testsuite>